apps/boilerplates_ex/build/app/intermediates/manifest_merge_blame_file/debug/manifest-merger-blame-debug-report.txt
1<?xml version="1.0" encoding="utf-8"?>
2<manifest xmlns:android="http://schemas.android.com/apk/res/android"
3    package="com.ihun.boilerplates"
4    android:versionCode="1"
5    android:versionName="1.0.0" >
6
7    <uses-sdk
8        android:minSdkVersion="21"
9        android:targetSdkVersion="34" />
10    <!--
11         The INTERNET permission is required for development. Specifically,
12         the Flutter tool needs it to communicate with the running application
13         to allow setting breakpoints, to provide hot reload, etc.
14    -->
15    <uses-permission android:name="android.permission.INTERNET" />
15-->src/main/AndroidManifest.xml:4:5-67
15-->src/main/AndroidManifest.xml:4:22-64
16    <uses-permission android:name="android.permission.ACCESS_NETWORK_STATE" />
16-->src/main/AndroidManifest.xml:5:5-79
16-->src/main/AndroidManifest.xml:5:22-76
17    <!--
18 Required to query activities that can process text, see:
19         https://developer.android.com/training/package-visibility and
20         https://developer.android.com/reference/android/content/Intent#ACTION_PROCESS_TEXT.
21
22         In particular, this is used by the Flutter engine in io.flutter.plugin.text.ProcessTextPlugin.
23    -->
24    <queries>
24-->src/main/AndroidManifest.xml:45:5-50:15
25        <intent>
25-->src/main/AndroidManifest.xml:46:9-49:18
26            <action android:name="android.intent.action.PROCESS_TEXT" />
26-->src/main/AndroidManifest.xml:47:13-72
26-->src/main/AndroidManifest.xml:47:21-70
27
28            <data android:mimeType="text/plain" />
28-->src/main/AndroidManifest.xml:48:13-50
28-->src/main/AndroidManifest.xml:48:19-48
29        </intent>
30        <intent>
30-->[:file_picker] AndroidManifest.xml:12:9-16:18
31            <action android:name="android.intent.action.GET_CONTENT" />
31-->[:file_picker] AndroidManifest.xml:13:13-72
31-->[:file_picker] AndroidManifest.xml:13:21-69
32
33            <data android:mimeType="*/*" />
33-->src/main/AndroidManifest.xml:48:13-50
33-->src/main/AndroidManifest.xml:48:19-48
34        </intent>
35    </queries>
36
37    <uses-feature android:name="android.hardware.camera.any" />
37-->[:camera_android_camerax] AndroidManifest.xml:8:5-64
37-->[:camera_android_camerax] AndroidManifest.xml:8:19-61
38
39    <uses-permission android:name="android.permission.CAMERA" />
39-->[:camera_android_camerax] AndroidManifest.xml:10:5-65
39-->[:camera_android_camerax] AndroidManifest.xml:10:22-62
40    <uses-permission android:name="android.permission.RECORD_AUDIO" />
40-->[:camera_android_camerax] AndroidManifest.xml:11:5-71
40-->[:camera_android_camerax] AndroidManifest.xml:11:22-68
41    <uses-permission
41-->[:camera_android_camerax] AndroidManifest.xml:12:5-14:38
42        android:name="android.permission.WRITE_EXTERNAL_STORAGE"
42-->[:camera_android_camerax] AndroidManifest.xml:13:9-65
43        android:maxSdkVersion="28" /> <!-- Create a unique permission for your app and use it so only your app can receive your OneSignal messages. -->
43-->[:camera_android_camerax] AndroidManifest.xml:14:9-35
44    <permission
44-->[com.onesignal:notifications:5.1.21] AndroidManifest.xml:10:5-12:47
45        android:name="com.ihun.boilerplates.permission.C2D_MESSAGE"
45-->[com.onesignal:notifications:5.1.21] AndroidManifest.xml:11:9-63
46        android:protectionLevel="signature" />
46-->[com.onesignal:notifications:5.1.21] AndroidManifest.xml:12:9-44
47
48    <uses-permission android:name="com.ihun.boilerplates.permission.C2D_MESSAGE" /> <!-- Required runtime permission to display notifications on Android 13 -->
48-->[com.onesignal:notifications:5.1.21] AndroidManifest.xml:14:5-79
48-->[com.onesignal:notifications:5.1.21] AndroidManifest.xml:14:22-76
49    <uses-permission android:name="android.permission.POST_NOTIFICATIONS" /> <!-- Required, makes sure notifications are delivered on time. -->
49-->[com.onesignal:notifications:5.1.21] AndroidManifest.xml:17:5-77
49-->[com.onesignal:notifications:5.1.21] AndroidManifest.xml:17:22-74
50    <uses-permission android:name="android.permission.WAKE_LOCK" /> <!-- c2dm RECEIVE are basic requirements for push messages through Google's FCM -->
50-->[com.onesignal:notifications:5.1.21] AndroidManifest.xml:18:5-68
50-->[com.onesignal:notifications:5.1.21] AndroidManifest.xml:18:22-65
51    <uses-permission android:name="com.google.android.c2dm.permission.RECEIVE" />
51-->[com.onesignal:notifications:5.1.21] AndroidManifest.xml:19:5-82
51-->[com.onesignal:notifications:5.1.21] AndroidManifest.xml:19:22-79
52    <!--
53 Required so the device vibrates on receiving a push notification.
54         Vibration settings of the device still apply.
55    -->
56    <uses-permission android:name="android.permission.VIBRATE" />
56-->[com.onesignal:notifications:5.1.21] AndroidManifest.xml:24:5-66
56-->[com.onesignal:notifications:5.1.21] AndroidManifest.xml:24:22-63
57    <!--
58 Use to restore notifications the user hasn't interacted with.
59     They could be missed notifications if the user reboots their device if this isn't in place.
60    -->
61    <uses-permission android:name="android.permission.RECEIVE_BOOT_COMPLETED" /> <!-- START: ShortcutBadger -->
61-->[com.onesignal:notifications:5.1.21] AndroidManifest.xml:29:5-81
61-->[com.onesignal:notifications:5.1.21] AndroidManifest.xml:29:22-78
62    <!-- Samsung -->
63    <uses-permission android:name="com.sec.android.provider.badge.permission.READ" />
63-->[com.onesignal:notifications:5.1.21] AndroidManifest.xml:31:5-86
63-->[com.onesignal:notifications:5.1.21] AndroidManifest.xml:31:22-83
64    <uses-permission android:name="com.sec.android.provider.badge.permission.WRITE" /> <!-- HTC -->
64-->[com.onesignal:notifications:5.1.21] AndroidManifest.xml:32:5-87
64-->[com.onesignal:notifications:5.1.21] AndroidManifest.xml:32:22-84
65    <uses-permission android:name="com.htc.launcher.permission.READ_SETTINGS" />
65-->[com.onesignal:notifications:5.1.21] AndroidManifest.xml:33:5-81
65-->[com.onesignal:notifications:5.1.21] AndroidManifest.xml:33:22-78
66    <uses-permission android:name="com.htc.launcher.permission.UPDATE_SHORTCUT" /> <!-- Sony -->
66-->[com.onesignal:notifications:5.1.21] AndroidManifest.xml:34:5-83
66-->[com.onesignal:notifications:5.1.21] AndroidManifest.xml:34:22-80
67    <uses-permission android:name="com.sonyericsson.home.permission.BROADCAST_BADGE" />
67-->[com.onesignal:notifications:5.1.21] AndroidManifest.xml:35:5-88
67-->[com.onesignal:notifications:5.1.21] AndroidManifest.xml:35:22-85
68    <uses-permission android:name="com.sonymobile.home.permission.PROVIDER_INSERT_BADGE" /> <!-- Apex -->
68-->[com.onesignal:notifications:5.1.21] AndroidManifest.xml:36:5-92
68-->[com.onesignal:notifications:5.1.21] AndroidManifest.xml:36:22-89
69    <uses-permission android:name="com.anddoes.launcher.permission.UPDATE_COUNT" /> <!-- Solid -->
69-->[com.onesignal:notifications:5.1.21] AndroidManifest.xml:37:5-84
69-->[com.onesignal:notifications:5.1.21] AndroidManifest.xml:37:22-81
70    <uses-permission android:name="com.majeur.launcher.permission.UPDATE_BADGE" /> <!-- Huawei -->
70-->[com.onesignal:notifications:5.1.21] AndroidManifest.xml:38:5-83
70-->[com.onesignal:notifications:5.1.21] AndroidManifest.xml:38:22-80
71    <uses-permission android:name="com.huawei.android.launcher.permission.CHANGE_BADGE" />
71-->[com.onesignal:notifications:5.1.21] AndroidManifest.xml:39:5-91
71-->[com.onesignal:notifications:5.1.21] AndroidManifest.xml:39:22-88
72    <uses-permission android:name="com.huawei.android.launcher.permission.READ_SETTINGS" />
72-->[com.onesignal:notifications:5.1.21] AndroidManifest.xml:40:5-92
72-->[com.onesignal:notifications:5.1.21] AndroidManifest.xml:40:22-89
73    <uses-permission android:name="com.huawei.android.launcher.permission.WRITE_SETTINGS" /> <!-- ZUK -->
73-->[com.onesignal:notifications:5.1.21] AndroidManifest.xml:41:5-93
73-->[com.onesignal:notifications:5.1.21] AndroidManifest.xml:41:22-90
74    <uses-permission android:name="android.permission.READ_APP_BADGE" /> <!-- OPPO -->
74-->[com.onesignal:notifications:5.1.21] AndroidManifest.xml:42:5-73
74-->[com.onesignal:notifications:5.1.21] AndroidManifest.xml:42:22-70
75    <uses-permission android:name="com.oppo.launcher.permission.READ_SETTINGS" />
75-->[com.onesignal:notifications:5.1.21] AndroidManifest.xml:43:5-82
75-->[com.onesignal:notifications:5.1.21] AndroidManifest.xml:43:22-79
76    <uses-permission android:name="com.oppo.launcher.permission.WRITE_SETTINGS" /> <!-- EvMe -->
76-->[com.onesignal:notifications:5.1.21] AndroidManifest.xml:44:5-83
76-->[com.onesignal:notifications:5.1.21] AndroidManifest.xml:44:22-80
77    <uses-permission android:name="me.everything.badger.permission.BADGE_COUNT_READ" />
77-->[com.onesignal:notifications:5.1.21] AndroidManifest.xml:45:5-88
77-->[com.onesignal:notifications:5.1.21] AndroidManifest.xml:45:22-85
78    <uses-permission android:name="me.everything.badger.permission.BADGE_COUNT_WRITE" />
78-->[com.onesignal:notifications:5.1.21] AndroidManifest.xml:46:5-89
78-->[com.onesignal:notifications:5.1.21] AndroidManifest.xml:46:22-86
79    <uses-permission android:name="android.permission.FOREGROUND_SERVICE" />
79-->[androidx.work:work-runtime:2.8.1] AndroidManifest.xml:26:5-77
79-->[androidx.work:work-runtime:2.8.1] AndroidManifest.xml:26:22-74
80
81    <permission
81-->[androidx.core:core:1.13.1] AndroidManifest.xml:22:5-24:47
82        android:name="com.ihun.boilerplates.DYNAMIC_RECEIVER_NOT_EXPORTED_PERMISSION"
82-->[androidx.core:core:1.13.1] AndroidManifest.xml:23:9-81
83        android:protectionLevel="signature" />
83-->[androidx.core:core:1.13.1] AndroidManifest.xml:24:9-44
84
85    <uses-permission android:name="com.ihun.boilerplates.DYNAMIC_RECEIVER_NOT_EXPORTED_PERMISSION" />
85-->[androidx.core:core:1.13.1] AndroidManifest.xml:26:5-97
85-->[androidx.core:core:1.13.1] AndroidManifest.xml:26:22-94
86
87    <application
88        android:name="android.app.Application"
89        android:appComponentFactory="androidx.core.app.CoreComponentFactory"
89-->[androidx.core:core:1.13.1] AndroidManifest.xml:28:18-86
90        android:debuggable="true"
91        android:extractNativeLibs="true"
92        android:icon="@mipmap/ic_launcher"
93        android:label="flutter_boilerplates" >
94        <activity
95            android:name="com.ihun.boilerplates.MainActivity"
96            android:configChanges="orientation|keyboardHidden|keyboard|screenSize|smallestScreenSize|locale|layoutDirection|fontScale|screenLayout|density|uiMode"
97            android:exported="true"
98            android:hardwareAccelerated="true"
99            android:launchMode="singleTop"
100            android:taskAffinity=""
101            android:theme="@style/LaunchTheme"
102            android:windowSoftInputMode="adjustResize" >
103
104            <!--
105                 Specifies an Android theme to apply to this Activity as soon as
106                 the Android process has started. This theme is visible to the user
107                 while the Flutter UI initializes. After that, this theme continues
108                 to determine the Window background behind the Flutter UI.
109            -->
110            <meta-data
111                android:name="io.flutter.embedding.android.NormalTheme"
112                android:resource="@style/NormalTheme" />
113
114            <intent-filter>
115                <action android:name="android.intent.action.MAIN" />
116
117                <category android:name="android.intent.category.LAUNCHER" />
118            </intent-filter>
119        </activity>
120        <!--
121             Don't delete the meta-data below.
122             This is used by the Flutter tool to generate GeneratedPluginRegistrant.java
123        -->
124        <meta-data
125            android:name="flutterEmbedding"
126            android:value="2" />
127        <!--
128           Declares a provider which allows us to store files to share in
129           '.../caches/share_plus' and grant the receiving action access
130        -->
131        <provider
131-->[:share_plus] AndroidManifest.xml:13:9-21:20
132            android:name="dev.fluttercommunity.plus.share.ShareFileProvider"
132-->[:share_plus] AndroidManifest.xml:14:13-77
133            android:authorities="com.ihun.boilerplates.flutter.share_provider"
133-->[:share_plus] AndroidManifest.xml:15:13-74
134            android:exported="false"
134-->[:share_plus] AndroidManifest.xml:16:13-37
135            android:grantUriPermissions="true" >
135-->[:share_plus] AndroidManifest.xml:17:13-47
136            <meta-data
136-->[:share_plus] AndroidManifest.xml:18:13-20:68
137                android:name="android.support.FILE_PROVIDER_PATHS"
137-->[:share_plus] AndroidManifest.xml:19:17-67
138                android:resource="@xml/flutter_share_file_paths" />
138-->[:share_plus] AndroidManifest.xml:20:17-65
139        </provider>
140        <!--
141           This manifest declared broadcast receiver allows us to use an explicit
142           Intent when creating a PendingItent to be informed of the user's choice
143        -->
144        <receiver
144-->[:share_plus] AndroidManifest.xml:26:9-32:20
145            android:name="dev.fluttercommunity.plus.share.SharePlusPendingIntent"
145-->[:share_plus] AndroidManifest.xml:27:13-82
146            android:exported="false" >
146-->[:share_plus] AndroidManifest.xml:28:13-37
147            <intent-filter>
147-->[:share_plus] AndroidManifest.xml:29:13-31:29
148                <action android:name="EXTRA_CHOSEN_COMPONENT" />
148-->[:share_plus] AndroidManifest.xml:30:17-65
148-->[:share_plus] AndroidManifest.xml:30:25-62
149            </intent-filter>
150        </receiver>
151
152        <service
152-->[androidx.camera:camera-camera2:1.3.4] AndroidManifest.xml:24:9-33:19
153            android:name="androidx.camera.core.impl.MetadataHolderService"
153-->[androidx.camera:camera-camera2:1.3.4] AndroidManifest.xml:25:13-75
154            android:enabled="false"
154-->[androidx.camera:camera-camera2:1.3.4] AndroidManifest.xml:26:13-36
155            android:exported="false" >
155-->[androidx.camera:camera-camera2:1.3.4] AndroidManifest.xml:27:13-37
156            <meta-data
156-->[androidx.camera:camera-camera2:1.3.4] AndroidManifest.xml:30:13-32:89
157                android:name="androidx.camera.core.impl.MetadataHolderService.DEFAULT_CONFIG_PROVIDER"
157-->[androidx.camera:camera-camera2:1.3.4] AndroidManifest.xml:31:17-103
158                android:value="androidx.camera.camera2.Camera2Config$DefaultProvider" />
158-->[androidx.camera:camera-camera2:1.3.4] AndroidManifest.xml:32:17-86
159        </service>
160
161        <receiver
161-->[com.onesignal:notifications:5.1.21] AndroidManifest.xml:49:9-60:20
162            android:name="com.onesignal.notifications.receivers.FCMBroadcastReceiver"
162-->[com.onesignal:notifications:5.1.21] AndroidManifest.xml:50:13-86
163            android:exported="true"
163-->[com.onesignal:notifications:5.1.21] AndroidManifest.xml:51:13-36
164            android:permission="com.google.android.c2dm.permission.SEND" >
164-->[com.onesignal:notifications:5.1.21] AndroidManifest.xml:52:13-73
165
166            <!-- High priority so OneSignal payloads can be filtered from other FCM receivers -->
167            <intent-filter android:priority="999" >
167-->[com.onesignal:notifications:5.1.21] AndroidManifest.xml:55:13-59:29
167-->[com.onesignal:notifications:5.1.21] AndroidManifest.xml:55:28-50
168                <action android:name="com.google.android.c2dm.intent.RECEIVE" />
168-->[com.onesignal:notifications:5.1.21] AndroidManifest.xml:56:17-81
168-->[com.onesignal:notifications:5.1.21] AndroidManifest.xml:56:25-78
169
170                <category android:name="com.ihun.boilerplates" />
170-->[com.onesignal:notifications:5.1.21] AndroidManifest.xml:58:17-61
170-->[com.onesignal:notifications:5.1.21] AndroidManifest.xml:58:27-58
171            </intent-filter>
172        </receiver>
173
174        <service
174-->[com.onesignal:notifications:5.1.21] AndroidManifest.xml:62:9-68:19
175            android:name="com.onesignal.notifications.services.HmsMessageServiceOneSignal"
175-->[com.onesignal:notifications:5.1.21] AndroidManifest.xml:63:13-91
176            android:exported="false" >
176-->[com.onesignal:notifications:5.1.21] AndroidManifest.xml:64:13-37
177            <intent-filter>
177-->[com.onesignal:notifications:5.1.21] AndroidManifest.xml:65:13-67:29
178                <action android:name="com.huawei.push.action.MESSAGING_EVENT" />
178-->[com.onesignal:notifications:5.1.21] AndroidManifest.xml:66:17-81
178-->[com.onesignal:notifications:5.1.21] AndroidManifest.xml:66:25-78
179            </intent-filter>
180        </service>
181
182        <activity
182-->[com.onesignal:notifications:5.1.21] AndroidManifest.xml:70:9-78:20
183            android:name="com.onesignal.notifications.activities.NotificationOpenedActivityHMS"
183-->[com.onesignal:notifications:5.1.21] AndroidManifest.xml:71:13-96
184            android:exported="true"
184-->[com.onesignal:notifications:5.1.21] AndroidManifest.xml:72:13-36
185            android:noHistory="true"
185-->[com.onesignal:notifications:5.1.21] AndroidManifest.xml:73:13-37
186            android:theme="@android:style/Theme.Translucent.NoTitleBar" >
186-->[com.onesignal:notifications:5.1.21] AndroidManifest.xml:74:13-72
187            <intent-filter>
187-->[com.onesignal:notifications:5.1.21] AndroidManifest.xml:75:13-77:29
188                <action android:name="android.intent.action.VIEW" />
188-->[com.onesignal:notifications:5.1.21] AndroidManifest.xml:76:17-69
188-->[com.onesignal:notifications:5.1.21] AndroidManifest.xml:76:25-66
189            </intent-filter>
190        </activity>
191
192        <receiver
192-->[com.onesignal:notifications:5.1.21] AndroidManifest.xml:80:9-82:39
193            android:name="com.onesignal.notifications.receivers.NotificationDismissReceiver"
193-->[com.onesignal:notifications:5.1.21] AndroidManifest.xml:81:13-93
194            android:exported="true" />
194-->[com.onesignal:notifications:5.1.21] AndroidManifest.xml:82:13-36
195        <receiver
195-->[com.onesignal:notifications:5.1.21] AndroidManifest.xml:83:9-90:20
196            android:name="com.onesignal.notifications.receivers.BootUpReceiver"
196-->[com.onesignal:notifications:5.1.21] AndroidManifest.xml:84:13-80
197            android:exported="true" >
197-->[com.onesignal:notifications:5.1.21] AndroidManifest.xml:85:13-36
198            <intent-filter>
198-->[com.onesignal:notifications:5.1.21] AndroidManifest.xml:86:13-89:29
199                <action android:name="android.intent.action.BOOT_COMPLETED" />
199-->[com.onesignal:notifications:5.1.21] AndroidManifest.xml:87:17-79
199-->[com.onesignal:notifications:5.1.21] AndroidManifest.xml:87:25-76
200                <action android:name="android.intent.action.QUICKBOOT_POWERON" />
200-->[com.onesignal:notifications:5.1.21] AndroidManifest.xml:88:17-82
200-->[com.onesignal:notifications:5.1.21] AndroidManifest.xml:88:25-79
201            </intent-filter>
202        </receiver>
203        <receiver
203-->[com.onesignal:notifications:5.1.21] AndroidManifest.xml:91:9-97:20
204            android:name="com.onesignal.notifications.receivers.UpgradeReceiver"
204-->[com.onesignal:notifications:5.1.21] AndroidManifest.xml:92:13-81
205            android:exported="true" >
205-->[com.onesignal:notifications:5.1.21] AndroidManifest.xml:93:13-36
206            <intent-filter>
206-->[com.onesignal:notifications:5.1.21] AndroidManifest.xml:94:13-96:29
207                <action android:name="android.intent.action.MY_PACKAGE_REPLACED" />
207-->[com.onesignal:notifications:5.1.21] AndroidManifest.xml:95:17-84
207-->[com.onesignal:notifications:5.1.21] AndroidManifest.xml:95:25-81
208            </intent-filter>
209        </receiver>
210
211        <activity
211-->[com.onesignal:notifications:5.1.21] AndroidManifest.xml:99:9-105:75
212            android:name="com.onesignal.notifications.activities.NotificationOpenedActivity"
212-->[com.onesignal:notifications:5.1.21] AndroidManifest.xml:100:13-93
213            android:excludeFromRecents="true"
213-->[com.onesignal:notifications:5.1.21] AndroidManifest.xml:101:13-46
214            android:exported="true"
214-->[com.onesignal:notifications:5.1.21] AndroidManifest.xml:102:13-36
215            android:noHistory="true"
215-->[com.onesignal:notifications:5.1.21] AndroidManifest.xml:103:13-37
216            android:taskAffinity=""
216-->[com.onesignal:notifications:5.1.21] AndroidManifest.xml:104:13-36
217            android:theme="@android:style/Theme.Translucent.NoTitleBar" />
217-->[com.onesignal:notifications:5.1.21] AndroidManifest.xml:105:13-72
218        <activity
218-->[com.onesignal:notifications:5.1.21] AndroidManifest.xml:106:9-111:75
219            android:name="com.onesignal.notifications.activities.NotificationOpenedActivityAndroid22AndOlder"
219-->[com.onesignal:notifications:5.1.21] AndroidManifest.xml:107:13-110
220            android:excludeFromRecents="true"
220-->[com.onesignal:notifications:5.1.21] AndroidManifest.xml:108:13-46
221            android:exported="true"
221-->[com.onesignal:notifications:5.1.21] AndroidManifest.xml:109:13-36
222            android:noHistory="true"
222-->[com.onesignal:notifications:5.1.21] AndroidManifest.xml:110:13-37
223            android:theme="@android:style/Theme.Translucent.NoTitleBar" />
223-->[com.onesignal:notifications:5.1.21] AndroidManifest.xml:111:13-72
224
225        <service
225-->[com.onesignal:core:5.1.21] AndroidManifest.xml:13:9-16:72
226            android:name="com.onesignal.core.services.SyncJobService"
226-->[com.onesignal:core:5.1.21] AndroidManifest.xml:14:13-70
227            android:exported="false"
227-->[com.onesignal:core:5.1.21] AndroidManifest.xml:15:13-37
228            android:permission="android.permission.BIND_JOB_SERVICE" />
228-->[com.onesignal:core:5.1.21] AndroidManifest.xml:16:13-69
229
230        <activity
230-->[com.onesignal:core:5.1.21] AndroidManifest.xml:18:9-21:75
231            android:name="com.onesignal.core.activities.PermissionsActivity"
231-->[com.onesignal:core:5.1.21] AndroidManifest.xml:19:13-77
232            android:exported="false"
232-->[com.onesignal:core:5.1.21] AndroidManifest.xml:20:13-37
233            android:theme="@android:style/Theme.Translucent.NoTitleBar" />
233-->[com.onesignal:core:5.1.21] AndroidManifest.xml:21:13-72
234
235        <receiver
235-->[com.google.firebase:firebase-messaging:23.4.0] AndroidManifest.xml:29:9-40:20
236            android:name="com.google.firebase.iid.FirebaseInstanceIdReceiver"
236-->[com.google.firebase:firebase-messaging:23.4.0] AndroidManifest.xml:30:13-78
237            android:exported="true"
237-->[com.google.firebase:firebase-messaging:23.4.0] AndroidManifest.xml:31:13-36
238            android:permission="com.google.android.c2dm.permission.SEND" >
238-->[com.google.firebase:firebase-messaging:23.4.0] AndroidManifest.xml:32:13-73
239            <intent-filter>
239-->[com.google.firebase:firebase-messaging:23.4.0] AndroidManifest.xml:33:13-35:29
240                <action android:name="com.google.android.c2dm.intent.RECEIVE" />
240-->[com.onesignal:notifications:5.1.21] AndroidManifest.xml:56:17-81
240-->[com.onesignal:notifications:5.1.21] AndroidManifest.xml:56:25-78
241            </intent-filter>
242
243            <meta-data
243-->[com.google.firebase:firebase-messaging:23.4.0] AndroidManifest.xml:37:13-39:40
244                android:name="com.google.android.gms.cloudmessaging.FINISHED_AFTER_HANDLED"
244-->[com.google.firebase:firebase-messaging:23.4.0] AndroidManifest.xml:38:17-92
245                android:value="true" />
245-->[com.google.firebase:firebase-messaging:23.4.0] AndroidManifest.xml:39:17-37
246        </receiver>
247        <!--
248             FirebaseMessagingService performs security checks at runtime,
249             but set to not exported to explicitly avoid allowing another app to call it.
250        -->
251        <service
251-->[com.google.firebase:firebase-messaging:23.4.0] AndroidManifest.xml:46:9-53:19
252            android:name="com.google.firebase.messaging.FirebaseMessagingService"
252-->[com.google.firebase:firebase-messaging:23.4.0] AndroidManifest.xml:47:13-82
253            android:directBootAware="true"
253-->[com.google.firebase:firebase-messaging:23.4.0] AndroidManifest.xml:48:13-43
254            android:exported="false" >
254-->[com.google.firebase:firebase-messaging:23.4.0] AndroidManifest.xml:49:13-37
255            <intent-filter android:priority="-500" >
255-->[com.google.firebase:firebase-messaging:23.4.0] AndroidManifest.xml:50:13-52:29
255-->[com.google.firebase:firebase-messaging:23.4.0] AndroidManifest.xml:50:28-51
256                <action android:name="com.google.firebase.MESSAGING_EVENT" />
256-->[com.google.firebase:firebase-messaging:23.4.0] AndroidManifest.xml:51:17-78
256-->[com.google.firebase:firebase-messaging:23.4.0] AndroidManifest.xml:51:25-75
257            </intent-filter>
258        </service>
259        <service
259-->[com.google.firebase:firebase-messaging:23.4.0] AndroidManifest.xml:54:9-63:19
260            android:name="com.google.firebase.components.ComponentDiscoveryService"
260-->[com.google.firebase:firebase-messaging:23.4.0] AndroidManifest.xml:55:13-84
261            android:directBootAware="true"
261-->[com.google.firebase:firebase-common:20.4.2] AndroidManifest.xml:32:13-43
262            android:exported="false" >
262-->[com.google.firebase:firebase-messaging:23.4.0] AndroidManifest.xml:56:13-37
263            <meta-data
263-->[com.google.firebase:firebase-messaging:23.4.0] AndroidManifest.xml:57:13-59:85
264                android:name="com.google.firebase.components:com.google.firebase.messaging.FirebaseMessagingKtxRegistrar"
264-->[com.google.firebase:firebase-messaging:23.4.0] AndroidManifest.xml:58:17-122
265                android:value="com.google.firebase.components.ComponentRegistrar" />
265-->[com.google.firebase:firebase-messaging:23.4.0] AndroidManifest.xml:59:17-82
266            <meta-data
266-->[com.google.firebase:firebase-messaging:23.4.0] AndroidManifest.xml:60:13-62:85
267                android:name="com.google.firebase.components:com.google.firebase.messaging.FirebaseMessagingRegistrar"
267-->[com.google.firebase:firebase-messaging:23.4.0] AndroidManifest.xml:61:17-119
268                android:value="com.google.firebase.components.ComponentRegistrar" />
268-->[com.google.firebase:firebase-messaging:23.4.0] AndroidManifest.xml:62:17-82
269            <meta-data
269-->[com.google.firebase:firebase-installations:17.2.0] AndroidManifest.xml:15:13-17:85
270                android:name="com.google.firebase.components:com.google.firebase.installations.FirebaseInstallationsKtxRegistrar"
270-->[com.google.firebase:firebase-installations:17.2.0] AndroidManifest.xml:16:17-130
271                android:value="com.google.firebase.components.ComponentRegistrar" />
271-->[com.google.firebase:firebase-installations:17.2.0] AndroidManifest.xml:17:17-82
272            <meta-data
272-->[com.google.firebase:firebase-installations:17.2.0] AndroidManifest.xml:18:13-20:85
273                android:name="com.google.firebase.components:com.google.firebase.installations.FirebaseInstallationsRegistrar"
273-->[com.google.firebase:firebase-installations:17.2.0] AndroidManifest.xml:19:17-127
274                android:value="com.google.firebase.components.ComponentRegistrar" />
274-->[com.google.firebase:firebase-installations:17.2.0] AndroidManifest.xml:20:17-82
275            <meta-data
275-->[com.google.firebase:firebase-common-ktx:20.4.2] AndroidManifest.xml:12:13-14:85
276                android:name="com.google.firebase.components:com.google.firebase.ktx.FirebaseCommonLegacyRegistrar"
276-->[com.google.firebase:firebase-common-ktx:20.4.2] AndroidManifest.xml:13:17-116
277                android:value="com.google.firebase.components.ComponentRegistrar" />
277-->[com.google.firebase:firebase-common-ktx:20.4.2] AndroidManifest.xml:14:17-82
278            <meta-data
278-->[com.google.firebase:firebase-common:20.4.2] AndroidManifest.xml:35:13-37:85
279                android:name="com.google.firebase.components:com.google.firebase.FirebaseCommonKtxRegistrar"
279-->[com.google.firebase:firebase-common:20.4.2] AndroidManifest.xml:36:17-109
280                android:value="com.google.firebase.components.ComponentRegistrar" />
280-->[com.google.firebase:firebase-common:20.4.2] AndroidManifest.xml:37:17-82
281            <meta-data
281-->[com.google.firebase:firebase-datatransport:18.1.7] AndroidManifest.xml:27:13-29:85
282                android:name="com.google.firebase.components:com.google.firebase.datatransport.TransportRegistrar"
282-->[com.google.firebase:firebase-datatransport:18.1.7] AndroidManifest.xml:28:17-115
283                android:value="com.google.firebase.components.ComponentRegistrar" />
283-->[com.google.firebase:firebase-datatransport:18.1.7] AndroidManifest.xml:29:17-82
284        </service>
285
286        <activity
286-->[com.google.android.gms:play-services-base:18.0.1] AndroidManifest.xml:20:9-22:45
287            android:name="com.google.android.gms.common.api.GoogleApiActivity"
287-->[com.google.android.gms:play-services-base:18.0.1] AndroidManifest.xml:20:19-85
288            android:exported="false"
288-->[com.google.android.gms:play-services-base:18.0.1] AndroidManifest.xml:22:19-43
289            android:theme="@android:style/Theme.Translucent.NoTitleBar" />
289-->[com.google.android.gms:play-services-base:18.0.1] AndroidManifest.xml:21:19-78
290
291        <provider
291-->[com.google.firebase:firebase-common:20.4.2] AndroidManifest.xml:23:9-28:39
292            android:name="com.google.firebase.provider.FirebaseInitProvider"